\BOOKMARK [1][-]{chapter*.2}{Introduction}{}% 1
\BOOKMARK [0][-]{chapter.1}{Contexte g\351n\351ral du projet}{}% 2
\BOOKMARK [1][-]{section.1.1}{Contexte g\351n\351ral du projet}{chapter.1}% 3
\BOOKMARK [2][-]{subsection.1.1.1}{La ligue des Hauts-de-France du triathlon }{section.1.1}% 4
\BOOKMARK [2][-]{subsection.1.1.2}{Description du processus de l\220organisation des challenges }{section.1.1}% 5
\BOOKMARK [2][-]{subsection.1.1.3}{Les modalit\351s du challenge }{section.1.1}% 6
\BOOKMARK [2][-]{subsection.1.1.4}{Expression des besoins fonctionnelles}{section.1.1}% 7
\BOOKMARK [2][-]{subsection.1.1.5}{M\351thodologie de travail }{section.1.1}% 8
\BOOKMARK [2][-]{subsection.1.1.6}{Diagramme de Gantt }{section.1.1}% 9
\BOOKMARK [0][-]{chapter.2}{Etude analytique du projet}{}% 10
\BOOKMARK [1][-]{section.2.1}{Etude analytique du projet}{chapter.2}% 11
\BOOKMARK [2][-]{subsection.2.1.1}{Diagramme de packages }{section.2.1}% 12
\BOOKMARK [2][-]{subsection.2.1.2}{Les cas d\220utilisation}{section.2.1}% 13
\BOOKMARK [2][-]{subsection.2.1.3}{Diagramme de classes }{section.2.1}% 14
\BOOKMARK [2][-]{subsection.2.1.4}{Le diagramme d\220activit\351s }{section.2.1}% 15
\BOOKMARK [0][-]{chapter.3}{R\351alisation du projet}{}% 16
\BOOKMARK [1][-]{section.3.1}{R\351alisation du projet }{chapter.3}% 17
\BOOKMARK [2][-]{subsection.3.1.1}{Langages et outils utilis\351 }{section.3.1}% 18
\BOOKMARK [2][-]{subsection.3.1.2}{Les interfaces du projet }{section.3.1}% 19
\BOOKMARK [2][-]{subsection.3.1.3}{Etudes des options du d\351ploiement du projet }{section.3.1}% 20
\BOOKMARK [2][-]{subsection.3.1.4}{La documentation automatique }{section.3.1}% 21
\BOOKMARK [2][-]{subsection.3.1.5}{Sch\351ma des tests }{section.3.1}% 22
\BOOKMARK [2][-]{subsection.3.1.6}{Contraintes et acquis }{section.3.1}% 23
